SyntaxError: Expected property name or '}' in JSON at position 1
    at JSON.parse (<anonymous>)
    at parse (C:\Users\Ashutosh Soni\job-scheduler\node_modules\body-parser\lib\types\json.js:74:19)
    at C:\Users\Ashutosh Soni\job-scheduler\node_modules\body-parser\lib\read.js:163:18
    at AsyncResource.runInAsyncScope (node:async_hooks:206:9)
    at invokeCallback (C:\Users\Ashutosh Soni\job-scheduler\node_modules\raw-body\index.js:238:16)
    at done (C:\Users\Ashutosh Soni\job-scheduler\node_modules\raw-body\index.js:227:7)
    at IncomingMessage.onEnd (C:\Users\Ashutosh Soni\job-scheduler\node_modules\raw-body\index.js:287:7)
    at IncomingMessage.emit (node:events:518:28)
    at endReadableNT (node:internal/streams/readable:1696:12)
    at process.processTicksAndRejections (node:internal/process/task_queues:82:21)
TypeError: Cannot destructure property 'schedule' of 'req.body' as it is undefined.
    at C:\Users\Ashutosh Soni\job-scheduler\src\routes\jobs.js:7:11
    at Layer.handleRequest (C:\Users\Ashutosh Soni\job-scheduler\node_modules\router\lib\layer.js:152:17)
    at next (C:\Users\Ashutosh Soni\job-scheduler\node_modules\router\lib\route.js:157:13)
    at Route.dispatch (C:\Users\Ashutosh Soni\job-scheduler\node_modules\router\lib\route.js:117:3)
    at handle (C:\Users\Ashutosh Soni\job-scheduler\node_modules\router\index.js:435:11)
    at Layer.handleRequest (C:\Users\Ashutosh Soni\job-scheduler\node_modules\router\lib\layer.js:152:17)
    at C:\Users\Ashutosh Soni\job-scheduler\node_modules\router\index.js:295:15
    at processParams (C:\Users\Ashutosh Soni\job-scheduler\node_modules\router\index.js:582:12)
    at next (C:\Users\Ashutosh Soni\job-scheduler\node_modules\router\index.js:291:5)
    at Function.handle (C:\Users\Ashutosh Soni\job-scheduler\node_modules\router\index.js:186:3)
[ALERT] Job 2cf55942-74e0-4489-808b-268ce3f6cc99 failed with status 500 - Job failed with status 500
Job 2cf55942-74e0-4489-808b-268ce3f6cc99 execution error: Request failed with status code 404
[ALERT] Job 2cf55942-74e0-4489-808b-268ce3f6cc99 failed with status 500 - Job failed with status 500
Job 2cf55942-74e0-4489-808b-268ce3f6cc99 execution error: Request failed with status code 404
[ALERT] Job 2cf55942-74e0-4489-808b-268ce3f6cc99 failed with status 500 - Job failed with status 500
Job 2cf55942-74e0-4489-808b-268ce3f6cc99 execution error: Request failed with status code 404
[ALERT] Job 2cf55942-74e0-4489-808b-268ce3f6cc99 failed with status 500 - Job failed with status 500
Job 2cf55942-74e0-4489-808b-268ce3f6cc99 execution error: Request failed with status code 404
[ALERT] Job 2cf55942-74e0-4489-808b-268ce3f6cc99 failed with status 500 - Job failed with status 500
Job 2cf55942-74e0-4489-808b-268ce3f6cc99 execution error: Request failed with status code 404
[ALERT] Job 2cf55942-74e0-4489-808b-268ce3f6cc99 failed with status 500 - Job failed with status 500
Job 2cf55942-74e0-4489-808b-268ce3f6cc99 execution error: Request failed with status code 404
[ALERT] Job 2cf55942-74e0-4489-808b-268ce3f6cc99 failed with status 500 - Job failed with status 500
Job 2cf55942-74e0-4489-808b-268ce3f6cc99 execution error: Request failed with status code 404
[ALERT] Job 2cf55942-74e0-4489-808b-268ce3f6cc99 failed with status 500 - Job failed with status 500
Job 2cf55942-74e0-4489-808b-268ce3f6cc99 execution error: Request failed with status code 404
[ALERT] Job 2cf55942-74e0-4489-808b-268ce3f6cc99 failed with status 500 - Job failed with status 500
Job 2cf55942-74e0-4489-808b-268ce3f6cc99 execution error: Request failed with status code 404
[ALERT] Job 2cf55942-74e0-4489-808b-268ce3f6cc99 failed with status 500 - Job failed with status 500
Job 2cf55942-74e0-4489-808b-268ce3f6cc99 execution error: Request failed with status code 404
[ALERT] Job 2cf55942-74e0-4489-808b-268ce3f6cc99 failed with status 500 - Job failed with status 500
Job 2cf55942-74e0-4489-808b-268ce3f6cc99 execution error: Request failed with status code 404
[ALERT] Job 2cf55942-74e0-4489-808b-268ce3f6cc99 failed with status 500 - Job failed with status 500
Job 2cf55942-74e0-4489-808b-268ce3f6cc99 execution error: Request failed with status code 404
[ALERT] Job 2cf55942-74e0-4489-808b-268ce3f6cc99 failed with status 500 - Job failed with status 500
Job 2cf55942-74e0-4489-808b-268ce3f6cc99 execution error: Request failed with status code 404
[ALERT] Job 2cf55942-74e0-4489-808b-268ce3f6cc99 failed with status 500 - Job failed with status 500
Job 2cf55942-74e0-4489-808b-268ce3f6cc99 execution error: Request failed with status code 404
[ALERT] Job 2cf55942-74e0-4489-808b-268ce3f6cc99 failed with status 500 - Job failed with status 500
Job 2cf55942-74e0-4489-808b-268ce3f6cc99 execution error: Request failed with status code 404
[ALERT] Job 2cf55942-74e0-4489-808b-268ce3f6cc99 failed with status 500 - Job failed with status 500
Job 2cf55942-74e0-4489-808b-268ce3f6cc99 execution error: Request failed with status code 404
[ALERT] Job 2cf55942-74e0-4489-808b-268ce3f6cc99 failed with status 500 - Job failed with status 500
Job 2cf55942-74e0-4489-808b-268ce3f6cc99 execution error: Request failed with status code 404
[ALERT] Job 2cf55942-74e0-4489-808b-268ce3f6cc99 failed with status 500 - Job failed with status 500
Job 2cf55942-74e0-4489-808b-268ce3f6cc99 execution error: Request failed with status code 404
[ALERT] Job 2cf55942-74e0-4489-808b-268ce3f6cc99 failed with status 500 - Job failed with status 500
Job 2cf55942-74e0-4489-808b-268ce3f6cc99 execution error: Request failed with status code 404
[ALERT] Job 2cf55942-74e0-4489-808b-268ce3f6cc99 failed with status 500 - Job failed with status 500
Job 2cf55942-74e0-4489-808b-268ce3f6cc99 execution error: Request failed with status code 404
[ALERT] Job 2cf55942-74e0-4489-808b-268ce3f6cc99 failed with status 500 - Job failed with status 500
Job 2cf55942-74e0-4489-808b-268ce3f6cc99 execution error: Request failed with status code 404
[ALERT] Job 2cf55942-74e0-4489-808b-268ce3f6cc99 failed with status 500 - Job failed with status 500
Job 2cf55942-74e0-4489-808b-268ce3f6cc99 execution error: Request failed with status code 404
[ALERT] Job 2cf55942-74e0-4489-808b-268ce3f6cc99 failed with status 500 - Job failed with status 500
Job 2cf55942-74e0-4489-808b-268ce3f6cc99 execution error: Request failed with status code 404
[ALERT] Job 2cf55942-74e0-4489-808b-268ce3f6cc99 failed with status 500 - Job failed with status 500
Job 2cf55942-74e0-4489-808b-268ce3f6cc99 execution error: Request failed with status code 404
[ALERT] Job 2cf55942-74e0-4489-808b-268ce3f6cc99 failed with status 500 - Job failed with status 500
Job 2cf55942-74e0-4489-808b-268ce3f6cc99 execution error: Request failed with status code 404
[ALERT] Job 2cf55942-74e0-4489-808b-268ce3f6cc99 failed with status 500 - Job failed with status 500
Job 2cf55942-74e0-4489-808b-268ce3f6cc99 execution error: Request failed with status code 404
[ALERT] Job 2cf55942-74e0-4489-808b-268ce3f6cc99 failed with status 500 - Job failed with status 500
Job 2cf55942-74e0-4489-808b-268ce3f6cc99 execution error: Request failed with status code 404
[ALERT] Job 2cf55942-74e0-4489-808b-268ce3f6cc99 failed with status 500 - Job failed with status 500
Job 2cf55942-74e0-4489-808b-268ce3f6cc99 execution error: Request failed with status code 404
[ALERT] Job 2cf55942-74e0-4489-808b-268ce3f6cc99 failed with status 500 - Job failed with status 500
Job 2cf55942-74e0-4489-808b-268ce3f6cc99 execution error: Request failed with status code 404
[ALERT] Job 2cf55942-74e0-4489-808b-268ce3f6cc99 failed with status 500 - Job failed with status 500
Job 2cf55942-74e0-4489-808b-268ce3f6cc99 execution error: Request failed with status code 404
[ALERT] Job 2cf55942-74e0-4489-808b-268ce3f6cc99 failed with status 500 - Job failed with status 500
Job 2cf55942-74e0-4489-808b-268ce3f6cc99 execution error: Request failed with status code 404
[ALERT] Job 2cf55942-74e0-4489-808b-268ce3f6cc99 failed with status 500 - Job failed with status 500
Job 2cf55942-74e0-4489-808b-268ce3f6cc99 execution error: Request failed with status code 404
[ALERT] Job 2cf55942-74e0-4489-808b-268ce3f6cc99 failed with status 500 - Job failed with status 500
Job 2cf55942-74e0-4489-808b-268ce3f6cc99 execution error: Request failed with status code 404
[ALERT] Job 2cf55942-74e0-4489-808b-268ce3f6cc99 failed with status 500 - Job failed with status 500
Job 2cf55942-74e0-4489-808b-268ce3f6cc99 execution error: Request failed with status code 404
[ALERT] Job 2cf55942-74e0-4489-808b-268ce3f6cc99 failed with status 500 - Job failed with status 500
Job 2cf55942-74e0-4489-808b-268ce3f6cc99 execution error: Request failed with status code 404
[ALERT] Job 2cf55942-74e0-4489-808b-268ce3f6cc99 failed with status 500 - Job failed with status 500
Job 2cf55942-74e0-4489-808b-268ce3f6cc99 execution error: Request failed with status code 404
[ALERT] Job 2cf55942-74e0-4489-808b-268ce3f6cc99 failed with status 500 - Job failed with status 500
Job 2cf55942-74e0-4489-808b-268ce3f6cc99 execution error: Request failed with status code 404
[ALERT] Job 2cf55942-74e0-4489-808b-268ce3f6cc99 failed with status 500 - Job failed with status 500
Job 2cf55942-74e0-4489-808b-268ce3f6cc99 execution error: Request failed with status code 404
[ALERT] Job 2cf55942-74e0-4489-808b-268ce3f6cc99 failed with status 500 - Job failed with status 500
Job 2cf55942-74e0-4489-808b-268ce3f6cc99 execution error: Request failed with status code 404
